2025-10-26T10:31:00.862722517Z     _____
2025-10-26T10:31:00.862780223Z    /  _  \ __________ _________   ____
2025-10-26T10:31:00.862783311Z   /  /_\  \\___   /  |  \_  __ \_/ __ \
2025-10-26T10:31:00.862785579Z  /    |    \/    /|  |  /|  | \/\  ___/
2025-10-26T10:31:00.862787727Z  \____|__  /_____ \____/ |__|    \___  >
2025-10-26T10:31:00.862790134Z          \/      \/                  \/
2025-10-26T10:31:00.862792069Z  A P P   S E R V I C E   O N   L I N U X
2025-10-26T10:31:00.862793970Z
2025-10-26T10:31:00.862795724Z  Documentation: http://aka.ms/webapp-linux
2025-10-26T10:31:00.862797640Z  Python 3.10.18
2025-10-26T10:31:00.862799408Z  Note: Any data outside '/home' is not persisted
2025-10-26T10:31:04.631980434Z  Starting OpenBSD Secure Shell server: sshd.
2025-10-26T10:31:04.701245927Z  WEBSITES_INCLUDE_CLOUD_CERTS is not set to true.
2025-10-26T10:31:04.902929909Z  Updating certificates in /etc/ssl/certs...
2025-10-26T10:31:24.777309797Z  4 added, 0 removed; done.
2025-10-26T10:31:24.778231507Z  Running hooks in /etc/ca-certificates/update.d...
2025-10-26T10:31:24.789076136Z  done.
2025-10-26T10:31:24.817318460Z  CA certificates copied and updated successfully.
2025-10-26T10:31:25.153039239Z  Site's appCommandLine: bash startup.sh
2025-10-26T10:31:25.153241906Z  Launching oryx with: create-script -appPath /home/site/wwwroot -output /opt/startup/startup.sh -virtualEnvName antenv -defaultApp /opt/defaultsite -userStartupCommand 'bash startup.sh'
2025-10-26T10:31:25.443041553Z  Could not find build manifest file at '/home/site/wwwroot/oryx-manifest.toml'
2025-10-26T10:31:25.443602864Z  Could not find operation ID in manifest. Generating an operation id...
2025-10-26T10:31:25.444852259Z  Build Operation ID: b36bc6f9-60dd-4ffe-8adf-8075d96eb61e
2025-10-26T10:31:26.080490997Z  Oryx Version: 0.2.20250709.3, Commit: 0cfb8cb7d114b65e539d2f9ccf9804e87b9966ba, ReleaseTagName: 20250709.3
2025-10-26T10:31:26.198332060Z  Writing output script to '/opt/startup/startup.sh'
2025-10-26T10:31:26.381452850Z  WARNING: Could not find virtual environment directory /home/site/wwwroot/antenv.
2025-10-26T10:31:26.383099387Z  WARNING: Could not find package directory /home/site/wwwroot/__oryx_packages__.
2025-10-26T10:31:26.405727537Z  Python 3.10.18
2025-10-26T10:31:31.741939963Z  Error in sitecustomize; set PYTHONVERBOSE for traceback:
2025-10-26T10:31:31.741996546Z  ModuleNotFoundError: No module named 'azure.core.tracing.ext.opentelemetry_span'
2025-10-26T10:31:31.751388606Z  PYTHONPATH= ['', '/home/site/wwwroot', '/agents/python', '/opt/startup/app_logs', '/opt/python/3.10.18/lib/python310.zip', '/opt/python/3.10.18/lib/python3.10', '/opt/python/3.10.18/lib/python3.10/lib-dynload', '/opt/python/3.10.18/lib/python3.10/site-packages']
2025-10-26T10:31:34.760417913Z  Error in sitecustomize; set PYTHONVERBOSE for traceback:
2025-10-26T10:31:34.760510203Z  ModuleNotFoundError: No module named 'azure.core.tracing.ext.opentelemetry_span'
2025-10-26T10:31:36.105093584Z  uvicorn 0.29.0
2025-10-26T10:31:37.942596571Z  Error in sitecustomize; set PYTHONVERBOSE for traceback:
2025-10-26T10:31:37.942652063Z  ModuleNotFoundError: No module named 'azure.core.tracing.ext.opentelemetry_span'
2025-10-26T10:31:38.714563188Z  [2025-10-26 10:31:38 +0000] [1019] [INFO] Starting gunicorn 21.2.0
2025-10-26T10:31:38.716616634Z  [2025-10-26 10:31:38 +0000] [1019] [INFO] Listening at: http://0.0.0.0:8000 (1019)
2025-10-26T10:31:38.723957018Z  [2025-10-26 10:31:38 +0000] [1019] [INFO] Using worker: uvicorn.workers.UvicornWorker
2025-10-26T10:31:38.764697632Z  [2025-10-26 10:31:38 +0000] [1023] [INFO] Booting worker with pid: 1023
2025-10-26T10:31:44.605097605Z  [2025-10-26 10:31:44 +0000] [1023] [ERROR] Exception in worker process
2025-10-26T10:31:44.605132634Z  Traceback (most recent call last):
2025-10-26T10:31:44.605135674Z    File "/home/site/wwwroot/gunicorn/arbiter.py", line 609, in spawn_worker
2025-10-26T10:31:44.605138100Z      worker.init_process()
2025-10-26T10:31:44.605140053Z    File "/home/site/wwwroot/uvicorn/workers.py", line 68, in init_process
2025-10-26T10:31:44.605142438Z      super().init_process()
2025-10-26T10:31:44.605144619Z    File "/home/site/wwwroot/gunicorn/workers/base.py", line 134, in init_process
2025-10-26T10:31:44.605146669Z      self.load_wsgi()
2025-10-26T10:31:44.605150684Z    File "/home/site/wwwroot/gunicorn/workers/base.py", line 146, in load_wsgi
2025-10-26T10:31:44.605153010Z      self.wsgi = self.app.wsgi()
2025-10-26T10:31:44.605155054Z    File "/home/site/wwwroot/gunicorn/app/base.py", line 67, in wsgi
2025-10-26T10:31:44.605156981Z      self.callable = self.load()
2025-10-26T10:31:44.605158836Z    File "/home/site/wwwroot/gunicorn/app/wsgiapp.py", line 58, in load
2025-10-26T10:31:44.605160826Z      return self.load_wsgiapp()
2025-10-26T10:31:44.605162639Z    File "/home/site/wwwroot/gunicorn/app/wsgiapp.py", line 48, in load_wsgiapp
2025-10-26T10:31:44.605164560Z      return util.import_app(self.app_uri)
2025-10-26T10:31:44.605166460Z    File "/home/site/wwwroot/gunicorn/util.py", line 371, in import_app
2025-10-26T10:31:44.605168437Z      mod = importlib.import_module(module)
2025-10-26T10:31:44.605170419Z    File "/opt/python/3.10.18/lib/python3.10/importlib/__init__.py", line 126, in import_module
2025-10-26T10:31:44.605172405Z      return _bootstrap._gcd_import(name[level:], package, level)
2025-10-26T10:31:44.605174285Z    File "<frozen importlib._bootstrap>", line 1050, in _gcd_import
2025-10-26T10:31:44.605176664Z    File "<frozen importlib._bootstrap>", line 1027, in _find_and_load
2025-10-26T10:31:44.605240515Z    File "<frozen importlib._bootstrap>", line 1006, in _find_and_load_unlocked
2025-10-26T10:31:44.605252268Z    File "<frozen importlib._bootstrap>", line 688, in _load_unlocked
2025-10-26T10:31:44.605254498Z    File "<frozen importlib._bootstrap_external>", line 883, in exec_module
2025-10-26T10:31:44.605256546Z    File "<frozen importlib._bootstrap>", line 241, in _call_with_frames_removed
2025-10-26T10:31:44.605258580Z    File "/home/site/wwwroot/app/main.py", line 4, in <module>
2025-10-26T10:31:44.605260601Z      from app.services import storage, taxonomy, composer, evaluator
2025-10-26T10:31:44.605262607Z    File "/home/site/wwwroot/app/services/storage.py", line 2, in <module>
2025-10-26T10:31:44.605264791Z      from azure.identity import DefaultAzureCredential
2025-10-26T10:31:44.605266736Z    File "/home/site/wwwroot/azure/identity/__init__.py", line 10, in <module>
2025-10-26T10:31:44.605268754Z      from ._credentials import (
2025-10-26T10:31:44.605270622Z    File "/home/site/wwwroot/azure/identity/_credentials/__init__.py", line 5, in <module>
2025-10-26T10:31:44.605273527Z      from .authorization_code import AuthorizationCodeCredential
2025-10-26T10:31:44.605275394Z    File "/home/site/wwwroot/azure/identity/_credentials/authorization_code.py", line 9, in <module>
2025-10-26T10:31:44.605277441Z      from .._internal.aad_client import AadClient
2025-10-26T10:31:44.605279246Z    File "/home/site/wwwroot/azure/identity/_internal/__init__.py", line 5, in <module>
2025-10-26T10:31:44.605281292Z      from .aad_client import AadClient
2025-10-26T10:31:44.605283125Z    File "/home/site/wwwroot/azure/identity/_internal/aad_client.py", line 11, in <module>
2025-10-26T10:31:44.605285140Z      from .aad_client_base import AadClientBase
2025-10-26T10:31:44.605287013Z    File "/home/site/wwwroot/azure/identity/_internal/aad_client_base.py", line 20, in <module>
2025-10-26T10:31:44.605288987Z      from .aadclient_certificate import AadClientCertificate
2025-10-26T10:31:44.605290818Z    File "/home/site/wwwroot/azure/identity/_internal/aadclient_certificate.py", line 7, in <module>
2025-10-26T10:31:44.605292787Z      from cryptography import x509
2025-10-26T10:31:44.605294542Z    File "/home/site/wwwroot/cryptography/x509/__init__.py", line 7, in <module>
2025-10-26T10:31:44.605296622Z      from cryptography.x509 import certificate_transparency, verification
2025-10-26T10:31:44.605298563Z    File "/home/site/wwwroot/cryptography/x509/certificate_transparency.py", line 8, in <module>
2025-10-26T10:31:44.605300557Z      from cryptography.hazmat.bindings._rust import x509 as rust_x509
2025-10-26T10:31:44.605302616Z  ImportError: /lib/x86_64-linux-gnu/libc.so.6: version `GLIBC_2.33' not found (required by /home/site/wwwroot/cryptography/hazmat/bindings/_rust.abi3.so)
2025-10-26T10:31:44.662335364Z  [2025-10-26 10:31:44 +0000] [1023] [INFO] Worker exiting (pid: 1023)
2025-10-26T10:31:45.479182765Z  [2025-10-26 10:31:45 +0000] [1019] [ERROR] Worker (pid:1023) exited with code 3
2025-10-26T10:31:45.479226088Z  [2025-10-26 10:31:45 +0000] [1019] [ERROR] Shutting down: Master
2025-10-26T10:31:45.479229581Z  [2025-10-26 10:31:45 +0000] [1019] [ERROR] Reason: Worker failed to boot.